<?xml version="1.0" encoding="UTF-8"?>
<testsuite xmlns:xsi="http://www.w3.org/2001/XMLSchema-instance" xsi:noNamespaceSchemaLocation="https://maven.apache.org/surefire/maven-surefire-plugin/xsd/surefire-test-report-3.0.xsd" version="3.0" name="es.iespuertodelacruz.javier.EjercicioArraysTest" time="0.399" tests="13" errors="0" skipped="0" failures="0">
  <properties>
    <property name="sun.desktop" value="windows"/>
    <property name="awt.toolkit" value="sun.awt.windows.WToolkit"/>
    <property name="java.specification.version" value="11"/>
    <property name="sun.cpu.isalist" value="amd64"/>
    <property name="sun.jnu.encoding" value="Cp1252"/>
    <property name="java.class.path" value="C:\Users\javiv\Desktop\NetBeansProjects\notas_clase_javier_lima_perez\notasClase\target\test-classes;C:\Users\javiv\Desktop\NetBeansProjects\notas_clase_javier_lima_perez\notasClase\target\classes;C:\Users\javiv\.m2\repository\org\junit\jupiter\junit-jupiter-api\5.6.0\junit-jupiter-api-5.6.0.jar;C:\Users\javiv\.m2\repository\org\apiguardian\apiguardian-api\1.1.0\apiguardian-api-1.1.0.jar;C:\Users\javiv\.m2\repository\org\opentest4j\opentest4j\1.2.0\opentest4j-1.2.0.jar;C:\Users\javiv\.m2\repository\org\junit\platform\junit-platform-commons\1.6.0\junit-platform-commons-1.6.0.jar;C:\Users\javiv\.m2\repository\org\junit\jupiter\junit-jupiter-params\5.6.0\junit-jupiter-params-5.6.0.jar;C:\Users\javiv\.m2\repository\org\junit\jupiter\junit-jupiter-engine\5.6.0\junit-jupiter-engine-5.6.0.jar;C:\Users\javiv\.m2\repository\org\junit\platform\junit-platform-engine\1.6.0\junit-platform-engine-1.6.0.jar;"/>
    <property name="java.vm.vendor" value="Oracle Corporation"/>
    <property name="sun.arch.data.model" value="64"/>
    <property name="user.variant" value=""/>
    <property name="java.vendor.url" value="https://openjdk.java.net/"/>
    <property name="user.timezone" value="Europe/London"/>
    <property name="java.vm.specification.version" value="11"/>
    <property name="os.name" value="Windows 10"/>
    <property name="sun.java.launcher" value="SUN_STANDARD"/>
    <property name="user.country" value="ES"/>
    <property name="sun.boot.library.path" value="C:\Program Files\Java\jdk-11.0.9\bin"/>
    <property name="sun.java.command" value="C:\Users\javiv\AppData\Local\Temp\surefire349645025080624137\surefirebooter7995819085948829367.jar C:\Users\javiv\AppData\Local\Temp\surefire349645025080624137 2021-04-20T17-48-49_527-jvmRun1 surefire16612527541276018947tmp surefire_09586920836499466534tmp"/>
    <property name="jdk.debug" value="release"/>
    <property name="surefire.test.class.path" value="C:\Users\javiv\Desktop\NetBeansProjects\notas_clase_javier_lima_perez\notasClase\target\test-classes;C:\Users\javiv\Desktop\NetBeansProjects\notas_clase_javier_lima_perez\notasClase\target\classes;C:\Users\javiv\.m2\repository\org\junit\jupiter\junit-jupiter-api\5.6.0\junit-jupiter-api-5.6.0.jar;C:\Users\javiv\.m2\repository\org\apiguardian\apiguardian-api\1.1.0\apiguardian-api-1.1.0.jar;C:\Users\javiv\.m2\repository\org\opentest4j\opentest4j\1.2.0\opentest4j-1.2.0.jar;C:\Users\javiv\.m2\repository\org\junit\platform\junit-platform-commons\1.6.0\junit-platform-commons-1.6.0.jar;C:\Users\javiv\.m2\repository\org\junit\jupiter\junit-jupiter-params\5.6.0\junit-jupiter-params-5.6.0.jar;C:\Users\javiv\.m2\repository\org\junit\jupiter\junit-jupiter-engine\5.6.0\junit-jupiter-engine-5.6.0.jar;C:\Users\javiv\.m2\repository\org\junit\platform\junit-platform-engine\1.6.0\junit-platform-engine-1.6.0.jar;"/>
    <property name="sun.cpu.endian" value="little"/>
    <property name="user.home" value="C:\Users\javiv"/>
    <property name="user.language" value="es"/>
    <property name="java.specification.vendor" value="Oracle Corporation"/>
    <property name="java.version.date" value="2020-10-20"/>
    <property name="java.home" value="C:\Program Files\Java\jdk-11.0.9"/>
    <property name="file.separator" value="\"/>
    <property name="basedir" value="C:\Users\javiv\Desktop\NetBeansProjects\notas_clase_javier_lima_perez\notasClase"/>
    <property name="java.vm.compressedOopsMode" value="32-bit"/>
    <property name="line.separator" value="&#10;"/>
    <property name="java.specification.name" value="Java Platform API Specification"/>
    <property name="java.vm.specification.vendor" value="Oracle Corporation"/>
    <property name="java.awt.graphicsenv" value="sun.awt.Win32GraphicsEnvironment"/>
    <property name="surefire.real.class.path" value="C:\Users\javiv\AppData\Local\Temp\surefire349645025080624137\surefirebooter7995819085948829367.jar"/>
    <property name="user.script" value=""/>
    <property name="sun.management.compiler" value="HotSpot 64-Bit Tiered Compilers"/>
    <property name="java.runtime.version" value="11.0.9+7-LTS"/>
    <property name="user.name" value="Javi"/>
    <property name="path.separator" value=";"/>
    <property name="os.version" value="10.0"/>
    <property name="java.runtime.name" value="Java(TM) SE Runtime Environment"/>
    <property name="file.encoding" value="Cp1252"/>
    <property name="java.vm.name" value="Java HotSpot(TM) 64-Bit Server VM"/>
    <property name="java.vendor.version" value="18.9"/>
    <property name="localRepository" value="C:\Users\javiv\.m2\repository"/>
    <property name="java.vendor.url.bug" value="https://bugreport.java.com/bugreport/"/>
    <property name="java.io.tmpdir" value="C:\Users\javiv\AppData\Local\Temp\"/>
    <property name="java.version" value="11.0.9"/>
    <property name="user.dir" value="C:\Users\javiv\Desktop\NetBeansProjects\notas_clase_javier_lima_perez\notasClase"/>
    <property name="os.arch" value="amd64"/>
    <property name="java.vm.specification.name" value="Java Virtual Machine Specification"/>
    <property name="java.awt.printerjob" value="sun.awt.windows.WPrinterJob"/>
    <property name="sun.os.patch.level" value=""/>
    <property name="java.library.path" value="C:\Program Files\Java\jdk-11.0.9\bin;C:\Windows\Sun\Java\bin;C:\Windows\system32;C:\Windows;C:\Program Files\Common Files\Oracle\Java\javapath;C:\Windows\system32;C:\Windows;C:\Windows\System32\Wbem;C:\Windows\System32\WindowsPowerShell\v1.0\;C:\Windows\System32\OpenSSH\;C:\Program Files (x86)\NVIDIA Corporation\PhysX\Common;C:\Program Files\Java\jdk-11.0.9\bin;C:\Program Files\apache-maven-3.6.3\bin;C:\xampp\php;C:\ProgramData\ComposerSetup\bin;C:\Users\javiv\AppData\Local\Microsoft\WindowsApps;C:\Users\javiv\AppData\Local\GitHubDesktop\bin;C:\Users\javiv\AppData\Roaming\Composer\vendor\bin;C:\Users\javiv\AppData\Local\Programs\Microsoft VS Code\bin;."/>
    <property name="java.vendor" value="Oracle Corporation"/>
    <property name="java.vm.info" value="mixed mode"/>
    <property name="java.vm.version" value="11.0.9+7-LTS"/>
    <property name="sun.io.unicode.encoding" value="UnicodeLittle"/>
    <property name="java.class.version" value="55.0"/>
  </properties>
  <testcase name="insertarNuevaCalificacionPosicionCuatroTest" classname="es.iespuertodelacruz.javier.EjercicioArraysTest" time="0.189"/>
  <testcase name="indiceMaximoTest" classname="es.iespuertodelacruz.javier.EjercicioArraysTest" time="0"/>
  <testcase name="resumenAprobadosTest" classname="es.iespuertodelacruz.javier.EjercicioArraysTest" time="0"/>
  <testcase name="comprobarGenerarAleatoriosTest" classname="es.iespuertodelacruz.javier.EjercicioArraysTest" time="0"/>
  <testcase name="estadisticasTest" classname="es.iespuertodelacruz.javier.EjercicioArraysTest" time="0.039"/>
  <testcase name="resumenSuspendidosTest" classname="es.iespuertodelacruz.javier.EjercicioArraysTest" time="0"/>
  <testcase name="mainTest" classname="es.iespuertodelacruz.javier.EjercicioArraysTest" time="0.104"/>
  <testcase name="listaClaseTest" classname="es.iespuertodelacruz.javier.EjercicioArraysTest" time="0"/>
  <testcase name="listarAprobadosTest" classname="es.iespuertodelacruz.javier.EjercicioArraysTest" time="0.008"/>
  <testcase name="vectoresTest" classname="es.iespuertodelacruz.javier.EjercicioArraysTest" time="0"/>
  <testcase name="crearNotasPracticasTest" classname="es.iespuertodelacruz.javier.EjercicioArraysTest" time="0"/>
  <testcase name="indiceMinimoTest" classname="es.iespuertodelacruz.javier.EjercicioArraysTest" time="0"/>
  <testcase name="listarSuspendidosTest" classname="es.iespuertodelacruz.javier.EjercicioArraysTest" time="0.006"/>
</testsuite>